

Microchip Technology PIC18 LITE Macro Assembler V1.20 build 52243 
                                                                                               Mon Sep 30 15:31:44 2013

Microchip Technology Omniscient Code Generator (Lite mode) build 52243
     1                           	processor	18F47J53
     2                           	fnconf	rparam,??,?,0
     3                           	opt	pw 120
     4                           	opt	lm
     5                           	psect	intcodelo,global,reloc=2,class=CODE,delta=1
     6                           	psect	cinit,global,reloc=2,class=CODE,delta=1
     7                           	psect	bssCOMRAM,global,class=COMRAM,space=1,delta=1
     8                           	psect	cstackCOMRAM,global,class=COMRAM,space=1,delta=1
     9                           	psect	text0,global,reloc=2,class=CODE,delta=1
    10                           	psect	text1,global,reloc=2,class=CODE,delta=1
    11                           	psect	text2,global,reloc=2,class=CODE,delta=1
    12                           	psect	text3,global,reloc=2,class=CODE,delta=1
    13                           	psect	intcode,global,reloc=2,class=CODE,delta=1
    14                           	psect	intcode_body,global,reloc=2,class=CODE,delta=1
    15                           	psect	intsave_regs,global,class=BIGRAM,space=1,delta=1
    16                           	psect	rparam,global,class=COMRAM,space=1,delta=1
    17  0000                     _INTCONbits	set	4082
    18  0000                     _IPR1bits	set	3999
    19  0000                     _LATA	set	3977
    20  0000                     _LATB	set	3978
    21  0000                     _LATC	set	3979
    22  0000                     _LATD	set	3980
    23  0000                     _LATE	set	3981
    24  0000                     _OSCTUNEbits	set	3995
    25  0000                     _PIE1bits	set	3997
    26  0000                     _PIR1bits	set	3998
    27  0000                     _PORTDbits	set	3971
    28  0000                     _PR2	set	4043
    29  0000                     _RCONbits	set	4048
    30  0000                     _T2CON	set	4042
    31  0000                     _T2CONbits	set	4042
    32  0000                     _TMR2	set	4044
    33  0000                     _TRISA	set	3986
    34  0000                     _TRISC	set	3988
    35  0000                     _TRISD	set	3989
    36  0000                     _TRISE	set	3990
    37                           
    38 ;; *************** function _low_isr *****************
    39 ;; Defined at:
    40 ;;		line 77 in file "interrupts.c"
    41 ;; Parameters:    Size  Location     Type
    42 ;;		None
    43 ;; Auto vars:     Size  Location     Type
    44 ;;		None
    45 ;; Return value:  Size  Location     Type
    46 ;;		None               void
    47 ;; Registers used:
    48 ;;		wreg, status,2, status,0
    49 ;; Tracked objects:
    50 ;;		On entry : 0/0
    51 ;;		On exit  : 0/0
    52 ;;		Unchanged: 0/0
    53 ;; Data sizes:     COMRAM   BANK0   BANK1   BANK2   BANK3   BANK4   BANK5   BANK6   BANK7   BANK8   BANK9  BANK10  BANK1
      +1  BANK12  BANK13  BANK14
    54 ;;      Params:         0       0       0       0       0       0       0       0       0       0       0       0       
      +0       0       0       0
    55 ;;      Locals:         0       0       0       0       0       0       0       0       0       0       0       0       
      +0       0       0       0
    56 ;;      Temps:         17       0       0       0       0       0       0       0       0       0       0       0       
      +0       0       0       0
    57 ;;      Totals:        17       0       0       0       0       0       0       0       0       0       0       0       
      +0       0       0       0
    58 ;;Total ram usage:       17 bytes
    59 ;; Hardware stack levels used:    1
    60 ;; Hardware stack levels required when called:    1
    61 ;; This function calls:
    62 ;;		Nothing
    63 ;; This function is called by:
    64 ;;		Interrupt level 1
    65 ;; This function uses a non-reentrant model
    66 ;;
    67                           
    68                           	psect	intcodelo
    69  001018                     __pintcodelo:
    70                           	opt stack 0
    71                           
    72                           ; #config settings
    73  001018                     _low_isr:
    74                           	opt stack 27
    75                           
    76                           ;incstack = 0
    77  001018  CFD8 F001          	movff	status,??_low_isr
    78  00101C  CFE8 F002          	movff	wreg,??_low_isr+1
    79  001020  CFE0 F003          	movff	bsr,??_low_isr+2
    80  001024  CFFA F004          	movff	pclath,??_low_isr+3
    81  001028  CFFB F005          	movff	pclatu,??_low_isr+4
    82  00102C  CFE9 F006          	movff	fsr0l,??_low_isr+5
    83  001030  CFEA F007          	movff	fsr0h,??_low_isr+6
    84  001034  CFE1 F008          	movff	fsr1l,??_low_isr+7
    85  001038  CFE2 F009          	movff	fsr1h,??_low_isr+8
    86  00103C  CFD9 F00A          	movff	fsr2l,??_low_isr+9
    87  001040  CFDA F00B          	movff	fsr2h,??_low_isr+10
    88  001044  CFF3 F00C          	movff	prodl,??_low_isr+11
    89  001048  CFF4 F00D          	movff	prodh,??_low_isr+12
    90  00104C  CFF6 F00E          	movff	tblptrl,??_low_isr+13
    91  001050  CFF7 F00F          	movff	tblptrh,??_low_isr+14
    92  001054  CFF8 F010          	movff	tblptru,??_low_isr+15
    93  001058  CFF5 F011          	movff	tablat,??_low_isr+16
    94  00105C                     
    95                           ;interrupts.c: 78: if(PIR1bits.TMR2IF)
    96  00105C  A29E               	btfss	3998,1,c	;volatile
    97  00105E  D001               	goto	i1u1_21
    98  001060  D001               	goto	i1u1_20
    99  001062                     i1u1_21:
   100  001062  D00C               	goto	i1l12
   101  001064                     i1u1_20:
   102  001064                     
   103                           ;interrupts.c: 79: {
   104                           ;interrupts.c: 80: if (timer_delay) timer_delay--;
   105  001064  5024               	movf	_timer_delay+1,w,c	;volatile
   106  001066  1023               	iorwf	_timer_delay,w,c	;volatile
   107  001068  B4D8               	btfsc	status,2,c
   108  00106A  D001               	goto	i1u2_21
   109  00106C  D001               	goto	i1u2_20
   110  00106E                     i1u2_21:
   111  00106E  D004               	goto	i1l669
   112  001070                     i1u2_20:
   113  001070  0623               	decf	_timer_delay,f,c	;volatile
   114  001072  A0D8               	btfss	status,0,c
   115  001074  0624               	decf	_timer_delay+1,f,c	;volatile
   116  001076  D000               	goto	i1l669
   117  001078                     i1l669:
   118                           
   119                           ;interrupts.c: 81: PIR1bits.TMR2IF = 0;
   120  001078  929E               	bcf	3998,1,c	;volatile
   121  00107A  D000               	goto	i1l12
   122  00107C                     i1l12:
   123  00107C  C011  FFF5         	movff	??_low_isr+16,tablat
   124  001080  C010  FFF8         	movff	??_low_isr+15,tblptru
   125  001084  C00F  FFF7         	movff	??_low_isr+14,tblptrh
   126  001088  C00E  FFF6         	movff	??_low_isr+13,tblptrl
   127  00108C  C00D  FFF4         	movff	??_low_isr+12,prodh
   128  001090  C00C  FFF3         	movff	??_low_isr+11,prodl
   129  001094  C00B  FFDA         	movff	??_low_isr+10,fsr2h
   130  001098  C00A  FFD9         	movff	??_low_isr+9,fsr2l
   131  00109C  C009  FFE2         	movff	??_low_isr+8,fsr1h
   132  0010A0  C008  FFE1         	movff	??_low_isr+7,fsr1l
   133  0010A4  C007  FFEA         	movff	??_low_isr+6,fsr0h
   134  0010A8  C006  FFE9         	movff	??_low_isr+5,fsr0l
   135  0010AC  C005  FFFB         	movff	??_low_isr+4,pclatu
   136  0010B0  C004  FFFA         	movff	??_low_isr+3,pclath
   137  0010B4  C003  FFE0         	movff	??_low_isr+2,bsr
   138  0010B8  C002  FFE8         	movff	??_low_isr+1,wreg
   139  0010BC  C001  FFD8         	movff	??_low_isr,status
   140  0010C0  0010               	retfie	
   141  0010C2                     __end_of_low_isr:
   142                           	opt stack 0
   143                           pclatu	equ	0xFFB
   144                           pclath	equ	0xFFA
   145                           tblptru	equ	0xFF8
   146                           tblptrh	equ	0xFF7
   147                           tblptrl	equ	0xFF6
   148                           tablat	equ	0xFF5
   149                           prodh	equ	0xFF4
   150                           prodl	equ	0xFF3
   151                           fsr0h	equ	0xFEA
   152                           fsr0l	equ	0xFE9
   153                           wreg	equ	0xFE8
   154                           fsr1h	equ	0xFE2
   155                           fsr1l	equ	0xFE1
   156                           bsr	equ	0xFE0
   157                           fsr2h	equ	0xFDA
   158                           fsr2l	equ	0xFD9
   159                           status	equ	0xFD8
   160                           
   161                           	psect	cinit
   162  0011FE                     __pcinit:
   163                           	opt stack 0
   164  0011FE                     start_initialization:
   165                           	opt stack 0
   166  0011FE                     __initialization:
   167                           	opt stack 0
   168                           
   169                           ; Clear objects allocated to COMRAM (2 bytes)
   170  0011FE  6A24               	clrf	(__pbssCOMRAM+1)& (0+255),c
   171  001200  6A23               	clrf	__pbssCOMRAM& (0+255),c
   172  001202                     end_of_initialization:
   173                           	opt stack 0
   174  001202                     __end_of__initialization:
   175                           	opt stack 0
   176  001202  0100               	movlb	0
   177  001204  EF63  F008         	goto	_main	;jump to C main() function
   178                           pclatu	equ	0xFFB
   179                           pclath	equ	0xFFA
   180                           tblptru	equ	0xFF8
   181                           tblptrh	equ	0xFF7
   182                           tblptrl	equ	0xFF6
   183                           tablat	equ	0xFF5
   184                           prodh	equ	0xFF4
   185                           prodl	equ	0xFF3
   186                           fsr0h	equ	0xFEA
   187                           fsr0l	equ	0xFE9
   188                           wreg	equ	0xFE8
   189                           fsr1h	equ	0xFE2
   190                           fsr1l	equ	0xFE1
   191                           bsr	equ	0xFE0
   192                           fsr2h	equ	0xFDA
   193                           fsr2l	equ	0xFD9
   194                           status	equ	0xFD8
   195                           
   196                           	psect	bssCOMRAM
   197  000023                     __pbssCOMRAM:
   198                           	opt stack 0
   199  000023                     _timer_delay:
   200                           	opt stack 0
   201  000023                     	ds	2
   202                           pclatu	equ	0xFFB
   203                           pclath	equ	0xFFA
   204                           tblptru	equ	0xFF8
   205                           tblptrh	equ	0xFF7
   206                           tblptrl	equ	0xFF6
   207                           tablat	equ	0xFF5
   208                           prodh	equ	0xFF4
   209                           prodl	equ	0xFF3
   210                           fsr0h	equ	0xFEA
   211                           fsr0l	equ	0xFE9
   212                           wreg	equ	0xFE8
   213                           fsr1h	equ	0xFE2
   214                           fsr1l	equ	0xFE1
   215                           bsr	equ	0xFE0
   216                           fsr2h	equ	0xFDA
   217                           fsr2l	equ	0xFD9
   218                           status	equ	0xFD8
   219                           
   220                           	psect	cstackCOMRAM
   221  000001                     __pcstackCOMRAM:
   222                           	opt stack 0
   223  000001                     ??_low_isr:
   224  000001                     
   225                           ; 0 bytes @ 0x0
   226  000001                     	ds	17
   227  000012                     ??_high_isr:
   228                           
   229                           ; 0 bytes @ 0x11
   230  000012                     	ds	14
   231  000020                     ??_ConfigureOscillator:
   232  000020                     
   233                           ; 0 bytes @ 0x1F
   234  000020                     	ds	1
   235  000021                     ??_main:
   236                           
   237                           ; 0 bytes @ 0x20
   238  000021                     	ds	1
   239  000022                     main@c:
   240                           	opt stack 0
   241                           
   242                           ; 1 bytes @ 0x21
   243  000022                     	ds	1
   244                           pclatu	equ	0xFFB
   245                           pclath	equ	0xFFA
   246                           tblptru	equ	0xFF8
   247                           tblptrh	equ	0xFF7
   248                           tblptrl	equ	0xFF6
   249                           tablat	equ	0xFF5
   250                           prodh	equ	0xFF4
   251                           prodl	equ	0xFF3
   252                           fsr0h	equ	0xFEA
   253                           fsr0l	equ	0xFE9
   254                           wreg	equ	0xFE8
   255                           fsr1h	equ	0xFE2
   256                           fsr1l	equ	0xFE1
   257                           bsr	equ	0xFE0
   258                           fsr2h	equ	0xFDA
   259                           fsr2l	equ	0xFD9
   260                           status	equ	0xFD8
   261                           
   262 ;;
   263 ;;Main: autosize = 0, tempsize = 1, incstack = 0, save=0
   264 ;;
   265 ;; *************** function _main *****************
   266 ;; Defined at:
   267 ;;		line 35 in file "main.c"
   268 ;; Parameters:    Size  Location     Type
   269 ;;		None
   270 ;; Auto vars:     Size  Location     Type
   271 ;;  c               1   33[COMRAM] unsigned char 
   272 ;; Return value:  Size  Location     Type
   273 ;;		None               void
   274 ;; Registers used:
   275 ;;		wreg, fsr0l, fsr0h, fsr1l, fsr1h, fsr1l, fsr1h, fsr2l, fsr2h, status,2, status,0, pclat, btemp, btemp+1, btemp+2, bt
      +emp+3, btemp+4, btemp+5, btemp+6, btemp+7, tosl, structret, tblptrl, tblptrh, tblptru, prodl, prodh, bsr, cstack
   276 ;; Tracked objects:
   277 ;;		On entry : 0/0
   278 ;;		On exit  : 0/0
   279 ;;		Unchanged: 0/0
   280 ;; Data sizes:     COMRAM   BANK0   BANK1   BANK2   BANK3   BANK4   BANK5   BANK6   BANK7   BANK8   BANK9  BANK10  BANK1
      +1  BANK12  BANK13  BANK14
   281 ;;      Params:         0       0       0       0       0       0       0       0       0       0       0       0       
      +0       0       0       0
   282 ;;      Locals:         1       0       0       0       0       0       0       0       0       0       0       0       
      +0       0       0       0
   283 ;;      Temps:          1       0       0       0       0       0       0       0       0       0       0       0       
      +0       0       0       0
   284 ;;      Totals:         2       0       0       0       0       0       0       0       0       0       0       0       
      +0       0       0       0
   285 ;;Total ram usage:        2 bytes
   286 ;; Hardware stack levels required when called:    4
   287 ;; This function calls:
   288 ;;		_ConfigureOscillator
   289 ;;		_InitApp
   290 ;; This function is called by:
   291 ;;		Startup code after reset
   292 ;; This function uses a non-reentrant model
   293 ;;
   294                           
   295                           	psect	text0
   296  0010C6                     __ptext0:
   297                           	opt stack 0
   298  0010C6                     _main:
   299                           	opt stack 27
   300                           
   301                           ;main.c: 36: char c = 0;
   302                           
   303                           ;incstack = 0
   304                           ;incstack = 0
   305  0010C6  6E21               	movwf	??_main& (0+255),c
   306  0010C8  0E00               	movlw	0
   307  0010CA  6E22               	movwf	main@c,c
   308  0010CC  5021               	movf	??_main& (0+255),w,c
   309                           
   310                           ;main.c: 39: ConfigureOscillator();
   311  0010CE  ECF6  F008         	call	_ConfigureOscillator	;wreg free
   312                           
   313                           ;main.c: 42: InitApp();
   314  0010D2  ECC9  F008         	call	_InitApp	;wreg free
   315  0010D6                     l677:
   316                           
   317                           ;main.c: 47: {
   318                           ;main.c: 48: if (!timer_delay)
   319  0010D6  5024               	movf	_timer_delay+1,w,c	;volatile
   320  0010D8  1023               	iorwf	_timer_delay,w,c	;volatile
   321  0010DA  A4D8               	btfss	status,2,c
   322  0010DC  D7FC               	goto	l677
   323                           
   324                           ;main.c: 49: {
   325                           ;main.c: 50: timer_delay=200;
   326  0010DE  0E00               	movlw	0
   327  0010E0  6E24               	movwf	_timer_delay+1,c	;volatile
   328  0010E2  0EC8               	movlw	200
   329  0010E4  6E23               	movwf	_timer_delay,c	;volatile
   330                           
   331                           ;main.c: 51: if (PORTDbits.RD4 && PORTDbits.RD5)
   332  0010E6  B883               	btfsc	3971,4,c	;volatile
   333  0010E8  AA83               	btfss	3971,5,c	;volatile
   334  0010EA  D006               	goto	l25
   335                           
   336                           ;main.c: 52: {
   337                           ;main.c: 53: if (c & 0x02)
   338  0010EC  A222               	btfss	main@c,1,c
   339  0010EE  D002               	goto	l26
   340                           
   341                           ;main.c: 54: {
   342                           ;main.c: 55: PORTDbits.RD6 = 1;
   343  0010F0  8C83               	bsf	3971,6,c	;volatile
   344  0010F2  D011               	goto	l33
   345  0010F4                     l26:
   346                           
   347                           ;main.c: 58: else
   348                           ;main.c: 59: {
   349                           ;main.c: 60: PORTDbits.RD6 = 0;
   350  0010F4  9C83               	bcf	3971,6,c	;volatile
   351  0010F6  D00D               	goto	u100
   352  0010F8                     l25:
   353                           
   354                           ;main.c: 64: else
   355                           ;main.c: 65: {
   356                           ;main.c: 66: PORTDbits.RD6 = 0;
   357  0010F8  9C83               	bcf	3971,6,c	;volatile
   358                           
   359                           ;main.c: 67: PORTDbits.RD7 = 0;
   360  0010FA  9E83               	bcf	3971,7,c	;volatile
   361                           
   362                           ;main.c: 68: if (!PORTDbits.RD4)
   363  0010FC  B883               	btfsc	3971,4,c	;volatile
   364  0010FE  D005               	goto	l29
   365                           
   366                           ;main.c: 69: {
   367                           ;main.c: 70: if (c & 0x01) PORTDbits.RD6 = 1;
   368  001100  A022               	btfss	main@c,0,c
   369  001102  D002               	goto	l30
   370  001104  8C83               	bsf	3971,6,c	;volatile
   371  001106  D001               	goto	l29
   372  001108                     l30:
   373                           
   374                           ;main.c: 71: else PORTDbits.RD6 = 0;
   375  001108  9C83               	bcf	3971,6,c	;volatile
   376  00110A                     l29:
   377                           
   378                           ;main.c: 72: }
   379                           ;main.c: 73: if (!PORTDbits.RD5)
   380  00110A  BA83               	btfsc	3971,5,c	;volatile
   381  00110C  D005               	goto	l697
   382                           
   383                           ;main.c: 74: {
   384                           ;main.c: 75: if (c & 0x01) PORTDbits.RD7 = 1;
   385  00110E  A022               	btfss	main@c,0,c
   386  001110  D002               	goto	l33
   387  001112                     u100:
   388  001112  8E83               	bsf	3971,7,c	;volatile
   389  001114  D001               	goto	l697
   390  001116                     l33:
   391                           
   392                           ;main.c: 76: else PORTDbits.RD7 = 0;
   393  001116  9E83               	bcf	3971,7,c	;volatile
   394  001118                     l697:
   395                           
   396                           ;main.c: 77: }
   397                           ;main.c: 78: }
   398                           ;main.c: 79: c++;
   399  001118  2A22               	incf	main@c,f,c
   400                           
   401                           ;main.c: 80: if (4 == c) c=0;
   402  00111A  5022               	movf	main@c,w,c
   403  00111C  0A04               	xorlw	4
   404  00111E  A4D8               	btfss	status,2,c
   405  001120  D7DA               	goto	l677
   406  001122  6E21               	movwf	??_main& (0+255),c
   407  001124  0E00               	movlw	0
   408  001126  6E22               	movwf	main@c,c
   409  001128  5021               	movf	??_main& (0+255),w,c
   410  00112A  D7D5               	goto	l677
   411  00112C                     __end_of_main:
   412                           	opt stack 0
   413                           pclatu	equ	0xFFB
   414                           pclath	equ	0xFFA
   415                           tblptru	equ	0xFF8
   416                           tblptrh	equ	0xFF7
   417                           tblptrl	equ	0xFF6
   418                           tablat	equ	0xFF5
   419                           prodh	equ	0xFF4
   420                           prodl	equ	0xFF3
   421                           fsr0h	equ	0xFEA
   422                           fsr0l	equ	0xFE9
   423                           wreg	equ	0xFE8
   424                           fsr1h	equ	0xFE2
   425                           fsr1l	equ	0xFE1
   426                           bsr	equ	0xFE0
   427                           fsr2h	equ	0xFDA
   428                           fsr2l	equ	0xFD9
   429                           status	equ	0xFD8
   430                           
   431 ;; *************** function _InitApp *****************
   432 ;; Defined at:
   433 ;;		line 38 in file "user.c"
   434 ;; Parameters:    Size  Location     Type
   435 ;;		None
   436 ;; Auto vars:     Size  Location     Type
   437 ;;		None
   438 ;; Return value:  Size  Location     Type
   439 ;;		None               void
   440 ;; Registers used:
   441 ;;		wreg, fsr0l, fsr0h, fsr1l, fsr1h, fsr1l, fsr1h, fsr2l, fsr2h, status,2, status,0, pclat, btemp, btemp+1, btemp+2, bt
      +emp+3, btemp+4, btemp+5, btemp+6, btemp+7, tosl, structret, tblptrl, tblptrh, tblptru, prodl, prodh, bsr, cstack
   442 ;; Tracked objects:
   443 ;;		On entry : 0/0
   444 ;;		On exit  : 0/0
   445 ;;		Unchanged: 0/0
   446 ;; Data sizes:     COMRAM   BANK0   BANK1   BANK2   BANK3   BANK4   BANK5   BANK6   BANK7   BANK8   BANK9  BANK10  BANK1
      +1  BANK12  BANK13  BANK14
   447 ;;      Params:         0       0       0       0       0       0       0       0       0       0       0       0       
      +0       0       0       0
   448 ;;      Locals:         0       0       0       0       0       0       0       0       0       0       0       0       
      +0       0       0       0
   449 ;;      Temps:          0       0       0       0       0       0       0       0       0       0       0       0       
      +0       0       0       0
   450 ;;      Totals:         0       0       0       0       0       0       0       0       0       0       0       0       
      +0       0       0       0
   451 ;;Total ram usage:        0 bytes
   452 ;; Hardware stack levels used:    1
   453 ;; Hardware stack levels required when called:    3
   454 ;; This function calls:
   455 ;;		_timer2_deInit
   456 ;; This function is called by:
   457 ;;		_main
   458 ;; This function uses a non-reentrant model
   459 ;;
   460                           
   461                           	psect	text1
   462  001192                     __ptext1:
   463                           	opt stack 0
   464  001192                     _InitApp:
   465                           	opt stack 27
   466                           
   467                           ;user.c: 42: LATA = 0;
   468                           
   469                           ;incstack = 0
   470                           ;incstack = 0
   471  001192  0E00               	movlw	0
   472  001194  6E89               	movwf	3977,c	;volatile
   473                           
   474                           ;user.c: 43: TRISA = 0b11111111;
   475  001196  6892               	setf	3986,c	;volatile
   476                           
   477                           ;user.c: 45: LATB = 0;
   478  001198  0E00               	movlw	0
   479  00119A  6E8A               	movwf	3978,c	;volatile
   480                           
   481                           ;user.c: 46: TRISA = 0b11111111;
   482  00119C  6892               	setf	3986,c	;volatile
   483                           
   484                           ;user.c: 48: LATC = 0;
   485  00119E  0E00               	movlw	0
   486  0011A0  6E8B               	movwf	3979,c	;volatile
   487                           
   488                           ;user.c: 49: TRISC = 0b11111111;
   489  0011A2  6894               	setf	3988,c	;volatile
   490                           
   491                           ;user.c: 51: LATD = 0;
   492  0011A4  0E00               	movlw	0
   493  0011A6  6E8C               	movwf	3980,c	;volatile
   494                           
   495                           ;user.c: 52: TRISD = 0b00111111;
   496  0011A8  0E3F               	movlw	63
   497  0011AA  6E95               	movwf	3989,c	;volatile
   498                           
   499                           ;user.c: 54: LATE = 0;
   500  0011AC  0E00               	movlw	0
   501  0011AE  6E8D               	movwf	3981,c	;volatile
   502                           
   503                           ;user.c: 55: TRISE = 0b11111111;
   504  0011B0  6896               	setf	3990,c	;volatile
   505                           
   506                           ;user.c: 63: timer2_deInit();
   507  0011B2  ECEC  F008         	call	_timer2_deInit	;wreg free
   508                           
   509                           ;user.c: 64: T2CONbits.T2CKPS = 2;
   510  0011B6  50CA               	movf	4042,w,c	;volatile
   511  0011B8  0BFC               	andlw	-4
   512  0011BA  0902               	iorlw	2
   513  0011BC  6ECA               	movwf	4042,c	;volatile
   514                           
   515                           ;user.c: 65: T2CONbits.T2OUTPS = 4;
   516  0011BE  50CA               	movf	4042,w,c	;volatile
   517  0011C0  0B87               	andlw	-121
   518  0011C2  0920               	iorlw	32
   519  0011C4  6ECA               	movwf	4042,c	;volatile
   520                           
   521                           ;user.c: 66: PR2 = 150;
   522  0011C6  0E96               	movlw	150
   523  0011C8  6ECB               	movwf	4043,c	;volatile
   524                           
   525                           ;user.c: 67: IPR1bits.TMR2IP = 0;
   526  0011CA  929F               	bcf	3999,1,c	;volatile
   527                           
   528                           ;user.c: 68: PIE1bits.TMR2IE = 1;
   529  0011CC  829D               	bsf	3997,1,c	;volatile
   530                           
   531                           ;user.c: 72: RCONbits.IPEN = 1;
   532  0011CE  8ED0               	bsf	4048,7,c	;volatile
   533                           
   534                           ;user.c: 76: INTCONbits.GIEL = 1;
   535  0011D0  8CF2               	bsf	intcon,6,c	;volatile
   536                           
   537                           ;user.c: 77: INTCONbits.GIEH = 1;
   538  0011D2  8EF2               	bsf	intcon,7,c	;volatile
   539                           
   540                           ;user.c: 81: T2CONbits.TMR2ON = 1;
   541  0011D4  84CA               	bsf	4042,2,c	;volatile
   542  0011D6  0012               	return	
   543  0011D8                     __end_of_InitApp:
   544                           	opt stack 0
   545                           pclatu	equ	0xFFB
   546                           pclath	equ	0xFFA
   547                           tblptru	equ	0xFF8
   548                           tblptrh	equ	0xFF7
   549                           tblptrl	equ	0xFF6
   550                           tablat	equ	0xFF5
   551                           prodh	equ	0xFF4
   552                           prodl	equ	0xFF3
   553                           intcon	equ	0xFF2
   554                           fsr0h	equ	0xFEA
   555                           fsr0l	equ	0xFE9
   556                           wreg	equ	0xFE8
   557                           fsr1h	equ	0xFE2
   558                           fsr1l	equ	0xFE1
   559                           bsr	equ	0xFE0
   560                           fsr2h	equ	0xFDA
   561                           fsr2l	equ	0xFD9
   562                           status	equ	0xFD8
   563                           
   564 ;; *************** function _timer2_deInit *****************
   565 ;; Defined at:
   566 ;;		line 28 in file "user.c"
   567 ;; Parameters:    Size  Location     Type
   568 ;;		None
   569 ;; Auto vars:     Size  Location     Type
   570 ;;		None
   571 ;; Return value:  Size  Location     Type
   572 ;;		None               void
   573 ;; Registers used:
   574 ;;		wreg, status,2
   575 ;; Tracked objects:
   576 ;;		On entry : 0/0
   577 ;;		On exit  : 0/0
   578 ;;		Unchanged: 0/0
   579 ;; Data sizes:     COMRAM   BANK0   BANK1   BANK2   BANK3   BANK4   BANK5   BANK6   BANK7   BANK8   BANK9  BANK10  BANK1
      +1  BANK12  BANK13  BANK14
   580 ;;      Params:         0       0       0       0       0       0       0       0       0       0       0       0       
      +0       0       0       0
   581 ;;      Locals:         0       0       0       0       0       0       0       0       0       0       0       0       
      +0       0       0       0
   582 ;;      Temps:          0       0       0       0       0       0       0       0       0       0       0       0       
      +0       0       0       0
   583 ;;      Totals:         0       0       0       0       0       0       0       0       0       0       0       0       
      +0       0       0       0
   584 ;;Total ram usage:        0 bytes
   585 ;; Hardware stack levels used:    1
   586 ;; Hardware stack levels required when called:    2
   587 ;; This function calls:
   588 ;;		Nothing
   589 ;; This function is called by:
   590 ;;		_InitApp
   591 ;; This function uses a non-reentrant model
   592 ;;
   593                           
   594                           	psect	text2
   595  0011D8                     __ptext2:
   596                           	opt stack 0
   597  0011D8                     _timer2_deInit:
   598                           	opt stack 27
   599                           
   600                           ;user.c: 29: T2CON = 0;
   601                           
   602                           ;incstack = 0
   603                           ;incstack = 0
   604  0011D8  0E00               	movlw	0
   605  0011DA  6ECA               	movwf	4042,c	;volatile
   606                           
   607                           ;user.c: 30: TMR2 = 0;
   608  0011DC  0E00               	movlw	0
   609  0011DE  6ECC               	movwf	4044,c	;volatile
   610                           
   611                           ;user.c: 31: PR2 = 0;
   612  0011E0  0E00               	movlw	0
   613  0011E2  6ECB               	movwf	4043,c	;volatile
   614                           
   615                           ;user.c: 32: PIE1bits.TMR2IE = 0;
   616  0011E4  929D               	bcf	3997,1,c	;volatile
   617                           
   618                           ;user.c: 33: IPR1bits.TMR2IP = 0;
   619  0011E6  929F               	bcf	3999,1,c	;volatile
   620                           
   621                           ;user.c: 34: PIR1bits.TMR2IF = 0;
   622  0011E8  929E               	bcf	3998,1,c	;volatile
   623  0011EA  0012               	return	
   624  0011EC                     __end_of_timer2_deInit:
   625                           	opt stack 0
   626                           pclatu	equ	0xFFB
   627                           pclath	equ	0xFFA
   628                           tblptru	equ	0xFF8
   629                           tblptrh	equ	0xFF7
   630                           tblptrl	equ	0xFF6
   631                           tablat	equ	0xFF5
   632                           prodh	equ	0xFF4
   633                           prodl	equ	0xFF3
   634                           intcon	equ	0xFF2
   635                           fsr0h	equ	0xFEA
   636                           fsr0l	equ	0xFE9
   637                           wreg	equ	0xFE8
   638                           fsr1h	equ	0xFE2
   639                           fsr1l	equ	0xFE1
   640                           bsr	equ	0xFE0
   641                           fsr2h	equ	0xFDA
   642                           fsr2l	equ	0xFD9
   643                           status	equ	0xFD8
   644                           
   645 ;; *************** function _ConfigureOscillator *****************
   646 ;; Defined at:
   647 ;;		line 25 in file "system.c"
   648 ;; Parameters:    Size  Location     Type
   649 ;;		None
   650 ;; Auto vars:     Size  Location     Type
   651 ;;		None
   652 ;; Return value:  Size  Location     Type
   653 ;;		None               void
   654 ;; Registers used:
   655 ;;		wreg
   656 ;; Tracked objects:
   657 ;;		On entry : 0/0
   658 ;;		On exit  : 0/0
   659 ;;		Unchanged: 0/0
   660 ;; Data sizes:     COMRAM   BANK0   BANK1   BANK2   BANK3   BANK4   BANK5   BANK6   BANK7   BANK8   BANK9  BANK10  BANK1
      +1  BANK12  BANK13  BANK14
   661 ;;      Params:         0       0       0       0       0       0       0       0       0       0       0       0       
      +0       0       0       0
   662 ;;      Locals:         0       0       0       0       0       0       0       0       0       0       0       0       
      +0       0       0       0
   663 ;;      Temps:          1       0       0       0       0       0       0       0       0       0       0       0       
      +0       0       0       0
   664 ;;      Totals:         1       0       0       0       0       0       0       0       0       0       0       0       
      +0       0       0       0
   665 ;;Total ram usage:        1 bytes
   666 ;; Hardware stack levels used:    1
   667 ;; Hardware stack levels required when called:    2
   668 ;; This function calls:
   669 ;;		Nothing
   670 ;; This function is called by:
   671 ;;		_main
   672 ;; This function uses a non-reentrant model
   673 ;;
   674                           
   675                           	psect	text3
   676  0011EC                     __ptext3:
   677                           	opt stack 0
   678  0011EC                     _ConfigureOscillator:
   679                           	opt stack 28
   680                           
   681                           ;system.c: 33: OSCTUNEbits.PLLEN = 1;
   682                           
   683                           ;incstack = 0
   684                           ;incstack = 0
   685  0011EC  8C9B               	bsf	3995,6,c	;volatile
   686                           
   687                           ;system.c: 34: _delay((unsigned long)((20)*(48000000L/4/4000.0)));
   688  0011EE  0E4E               	movlw	78
   689  0011F0  6E20               	movwf	??_ConfigureOscillator& (0+255),c
   690  0011F2  0EEB               	movlw	235
   691  0011F4                     u127:
   692  0011F4  2EE8               	decfsz	wreg,f,c
   693  0011F6  D7FE               	goto	u127
   694  0011F8  2E20               	decfsz	??_ConfigureOscillator& (0+255),f,c
   695  0011FA  D7FC               	goto	u127
   696  0011FC  0012               	return	
   697  0011FE                     __end_of_ConfigureOscillator:
   698                           	opt stack 0
   699                           pclatu	equ	0xFFB
   700                           pclath	equ	0xFFA
   701                           tblptru	equ	0xFF8
   702                           tblptrh	equ	0xFF7
   703                           tblptrl	equ	0xFF6
   704                           tablat	equ	0xFF5
   705                           prodh	equ	0xFF4
   706                           prodl	equ	0xFF3
   707                           intcon	equ	0xFF2
   708                           fsr0h	equ	0xFEA
   709                           fsr0l	equ	0xFE9
   710                           wreg	equ	0xFE8
   711                           fsr1h	equ	0xFE2
   712                           fsr1l	equ	0xFE1
   713                           bsr	equ	0xFE0
   714                           fsr2h	equ	0xFDA
   715                           fsr2l	equ	0xFD9
   716                           status	equ	0xFD8
   717                           
   718 ;; *************** function _high_isr *****************
   719 ;; Defined at:
   720 ;;		line 38 in file "interrupts.c"
   721 ;; Parameters:    Size  Location     Type
   722 ;;		None
   723 ;; Auto vars:     Size  Location     Type
   724 ;;		None
   725 ;; Return value:  Size  Location     Type
   726 ;;		None               void
   727 ;; Registers used:
   728 ;;		None
   729 ;; Tracked objects:
   730 ;;		On entry : 0/0
   731 ;;		On exit  : 0/0
   732 ;;		Unchanged: 0/0
   733 ;; Data sizes:     COMRAM   BANK0   BANK1   BANK2   BANK3   BANK4   BANK5   BANK6   BANK7   BANK8   BANK9  BANK10  BANK1
      +1  BANK12  BANK13  BANK14
   734 ;;      Params:         0       0       0       0       0       0       0       0       0       0       0       0       
      +0       0       0       0
   735 ;;      Locals:         0       0       0       0       0       0       0       0       0       0       0       0       
      +0       0       0       0
   736 ;;      Temps:         14       0       0       0       0       0       0       0       0       0       0       0       
      +0       0       0       0
   737 ;;      Totals:        14       0       0       0       0       0       0       0       0       0       0       0       
      +0       0       0       0
   738 ;;Total ram usage:       14 bytes
   739 ;; Hardware stack levels used:    1
   740 ;; This function calls:
   741 ;;		Nothing
   742 ;; This function is called by:
   743 ;;		Interrupt level 2
   744 ;; This function uses a non-reentrant model
   745 ;;
   746                           
   747                           	psect	intcode
   748  001008                     __pintcode:
   749                           	opt stack 0
   750  001008                     _high_isr:
   751                           	opt stack 27
   752                           
   753                           ;incstack = 0
   754  001008  CFFA F012          	movff	pclath,??_high_isr
   755  00100C  CFFB F013          	movff	pclatu,??_high_isr+1
   756  001010  CFE9 F014          	movff	fsr0l,??_high_isr+2
   757  001014  EF96  F008         	goto	int_func
   758                           pclatu	equ	0xFFB
   759                           pclath	equ	0xFFA
   760                           tblptru	equ	0xFF8
   761                           tblptrh	equ	0xFF7
   762                           tblptrl	equ	0xFF6
   763                           tablat	equ	0xFF5
   764                           prodh	equ	0xFF4
   765                           prodl	equ	0xFF3
   766                           intcon	equ	0xFF2
   767                           fsr0h	equ	0xFEA
   768                           fsr0l	equ	0xFE9
   769                           wreg	equ	0xFE8
   770                           fsr1h	equ	0xFE2
   771                           fsr1l	equ	0xFE1
   772                           bsr	equ	0xFE0
   773                           fsr2h	equ	0xFDA
   774                           fsr2l	equ	0xFD9
   775                           status	equ	0xFD8
   776                           
   777                           	psect	intcode_body
   778  00112C                     __pintcode_body:
   779                           	opt stack 27
   780  00112C                     int_func:
   781                           	opt stack 27
   782  00112C  CFEA F015          	movff	fsr0h,??_high_isr+3
   783  001130  CFE1 F016          	movff	fsr1l,??_high_isr+4
   784  001134  CFE2 F017          	movff	fsr1h,??_high_isr+5
   785  001138  CFD9 F018          	movff	fsr2l,??_high_isr+6
   786  00113C  CFDA F019          	movff	fsr2h,??_high_isr+7
   787  001140  CFF3 F01A          	movff	prodl,??_high_isr+8
   788  001144  CFF4 F01B          	movff	prodh,??_high_isr+9
   789  001148  CFF6 F01C          	movff	tblptrl,??_high_isr+10
   790  00114C  CFF7 F01D          	movff	tblptrh,??_high_isr+11
   791  001150  CFF8 F01E          	movff	tblptru,??_high_isr+12
   792  001154  CFF5 F01F          	movff	tablat,??_high_isr+13
   793  001158  C01F  FFF5         	movff	??_high_isr+13,tablat
   794  00115C  C01E  FFF8         	movff	??_high_isr+12,tblptru
   795  001160  C01D  FFF7         	movff	??_high_isr+11,tblptrh
   796  001164  C01C  FFF6         	movff	??_high_isr+10,tblptrl
   797  001168  C01B  FFF4         	movff	??_high_isr+9,prodh
   798  00116C  C01A  FFF3         	movff	??_high_isr+8,prodl
   799  001170  C019  FFDA         	movff	??_high_isr+7,fsr2h
   800  001174  C018  FFD9         	movff	??_high_isr+6,fsr2l
   801  001178  C017  FFE2         	movff	??_high_isr+5,fsr1h
   802  00117C  C016  FFE1         	movff	??_high_isr+4,fsr1l
   803  001180  C015  FFEA         	movff	??_high_isr+3,fsr0h
   804  001184  C014  FFE9         	movff	??_high_isr+2,fsr0l
   805  001188  C013  FFFB         	movff	??_high_isr+1,pclatu
   806  00118C  C012  FFFA         	movff	??_high_isr,pclath
   807  001190  0011               	retfie		f
   808  001192                     __end_of_high_isr:
   809                           	opt stack 0
   810  0000                     pclatu	equ	0xFFB
   811                           pclath	equ	0xFFA
   812                           tblptru	equ	0xFF8
   813                           tblptrh	equ	0xFF7
   814                           tblptrl	equ	0xFF6
   815                           tablat	equ	0xFF5
   816                           prodh	equ	0xFF4
   817                           prodl	equ	0xFF3
   818                           intcon	equ	0xFF2
   819                           fsr0h	equ	0xFEA
   820                           fsr0l	equ	0xFE9
   821                           wreg	equ	0xFE8
   822                           fsr1h	equ	0xFE2
   823                           fsr1l	equ	0xFE1
   824                           bsr	equ	0xFE0
   825                           fsr2h	equ	0xFDA
   826                           fsr2l	equ	0xFD9
   827                           status	equ	0xFD8
   828                           pclatu	equ	0xFFB
   829                           pclath	equ	0xFFA
   830                           tblptru	equ	0xFF8
   831                           tblptrh	equ	0xFF7
   832                           tblptrl	equ	0xFF6
   833                           tablat	equ	0xFF5
   834                           prodh	equ	0xFF4
   835                           prodl	equ	0xFF3
   836                           intcon	equ	0xFF2
   837                           fsr0h	equ	0xFEA
   838                           fsr0l	equ	0xFE9
   839                           wreg	equ	0xFE8
   840                           fsr1h	equ	0xFE2
   841                           fsr1l	equ	0xFE1
   842                           bsr	equ	0xFE0
   843                           fsr2h	equ	0xFDA
   844                           fsr2l	equ	0xFD9
   845                           status	equ	0xFD8
   846                           
   847                           	psect	rparam
   848  0000                     pclatu	equ	0xFFB
   849                           pclath	equ	0xFFA
   850                           tblptru	equ	0xFF8
   851                           tblptrh	equ	0xFF7
   852                           tblptrl	equ	0xFF6
   853                           tablat	equ	0xFF5
   854                           prodh	equ	0xFF4
   855                           prodl	equ	0xFF3
   856                           intcon	equ	0xFF2
   857                           fsr0h	equ	0xFEA
   858                           fsr0l	equ	0xFE9
   859                           wreg	equ	0xFE8
   860                           fsr1h	equ	0xFE2
   861                           fsr1l	equ	0xFE1
   862                           bsr	equ	0xFE0
   863                           fsr2h	equ	0xFDA
   864                           fsr2l	equ	0xFD9
   865                           status	equ	0xFD8


Data Sizes:
    Strings     0
    Constant    0
    Data        0
    BSS         2
    Persistent  0
    Stack       0

Auto Spaces:
    Space          Size  Autos    Used
    COMRAM           95     34      36
    BANK0           160      0       0
    BANK1           256      0       0
    BANK2           256      0       0
    BANK3           256      0       0
    BANK4           256      0       0
    BANK5           256      0       0
    BANK6           256      0       0
    BANK7           256      0       0
    BANK8           256      0       0
    BANK9           256      0       0
    BANK10          256      0       0
    BANK11          256      0       0
    BANK12          256      0       0
    BANK13          256      0       0
    BANK14          176      0       0

Pointer List with Targets:

    None.

Critical Paths under _main in COMRAM

    _main->_ConfigureOscillator

Critical Paths under _high_isr in COMRAM

    None.

Critical Paths under _main in BANK0

    None.

Critical Paths under _high_isr in BANK0

    None.

Critical Paths under _main in BANK1

    None.

Critical Paths under _high_isr in BANK1

    None.

Critical Paths under _main in BANK2

    None.

Critical Paths under _high_isr in BANK2

    None.

Critical Paths under _main in BANK3

    None.

Critical Paths under _high_isr in BANK3

    None.

Critical Paths under _main in BANK4

    None.

Critical Paths under _high_isr in BANK4

    None.

Critical Paths under _main in BANK5

    None.

Critical Paths under _high_isr in BANK5

    None.

Critical Paths under _main in BANK6

    None.

Critical Paths under _high_isr in BANK6

    None.

Critical Paths under _main in BANK7

    None.

Critical Paths under _high_isr in BANK7

    None.

Critical Paths under _main in BANK8

    None.

Critical Paths under _high_isr in BANK8

    None.

Critical Paths under _main in BANK9

    None.

Critical Paths under _high_isr in BANK9

    None.

Critical Paths under _main in BANK10

    None.

Critical Paths under _high_isr in BANK10

    None.

Critical Paths under _main in BANK11

    None.

Critical Paths under _high_isr in BANK11

    None.

Critical Paths under _main in BANK12

    None.

Critical Paths under _high_isr in BANK12

    None.

Critical Paths under _main in BANK13

    None.

Critical Paths under _high_isr in BANK13

    None.

Critical Paths under _main in BANK14

    None.

Critical Paths under _high_isr in BANK14

    None.

Call Graph Tables:

 ---------------------------------------------------------------------------------
 (Depth) Function   	        Calls       Base Space   Used Autos Params    Refs
 ---------------------------------------------------------------------------------
 (0) _main                                                 2     2      0      60
                                             32 COMRAM     2     2      0
                _ConfigureOscillator
                            _InitApp
 ---------------------------------------------------------------------------------
 (1) _InitApp                                              0     0      0       0
                      _timer2_deInit
 ---------------------------------------------------------------------------------
 (2) _timer2_deInit                                        0     0      0       0
 ---------------------------------------------------------------------------------
 (1) _ConfigureOscillator                                  1     1      0       0
                                             31 COMRAM     1     1      0
 ---------------------------------------------------------------------------------
 Estimated maximum stack depth 2
 ---------------------------------------------------------------------------------
 (Depth) Function   	        Calls       Base Space   Used Autos Params    Refs
 ---------------------------------------------------------------------------------
 (3) _low_isr                                             17    17      0       0
                                              0 COMRAM    17    17      0
 ---------------------------------------------------------------------------------
 (4) _high_isr                                            14    14      0       0
                                             17 COMRAM    14    14      0
 ---------------------------------------------------------------------------------
 Estimated maximum stack depth 4
 ---------------------------------------------------------------------------------

 Call Graph Graphs:

 _main (ROOT)
   _ConfigureOscillator
   _InitApp
     _timer2_deInit

 _low_isr (ROOT)

 Address spaces:
Name               Size   Autos  Total    Cost      Usage
BIGRAM             EAF      0       0      35        0.0%
BITBANK13          100      0       0      31        0.0%
BANK13             100      0       0      32        0.0%
BITBANK12          100      0       0      29        0.0%
BANK12             100      0       0      30        0.0%
BITBANK11          100      0       0      27        0.0%
BANK11             100      0       0      28        0.0%
BITBANK10          100      0       0      25        0.0%
BANK10             100      0       0      26        0.0%
BITBANK9           100      0       0      23        0.0%
BANK9              100      0       0      24        0.0%
BITBANK8           100      0       0      21        0.0%
BANK8              100      0       0      22        0.0%
BITBANK7           100      0       0      19        0.0%
BANK7              100      0       0      20        0.0%
BITBANK6           100      0       0      17        0.0%
BANK6              100      0       0      18        0.0%
BITBANK5           100      0       0      15        0.0%
BANK5              100      0       0      16        0.0%
BITBANK4           100      0       0      13        0.0%
BANK4              100      0       0      14        0.0%
BITBANK3           100      0       0      11        0.0%
BANK3              100      0       0      12        0.0%
BITBANK2           100      0       0       9        0.0%
BANK2              100      0       0      10        0.0%
BITBANK1           100      0       0       7        0.0%
BANK1              100      0       0       8        0.0%
BITBANK14           B0      0       0      33        0.0%
BANK14              B0      0       0      34        0.0%
BITBANK0            A0      0       0       4        0.0%
BANK0               A0      0       0       5        0.0%
BITCOMRAM           5F      0       0       0        0.0%
COMRAM              5F     22      24       1       37.9%
BITSFR_2             0      0       0      40        0.0%
SFR_2                0      0       0      40        0.0%
BITSFR_1             0      0       0      40        0.0%
SFR_1                0      0       0      40        0.0%
BITSFR               0      0       0      40        0.0%
SFR                  0      0       0      40        0.0%
STACK                0      0       2       2        0.0%
NULL                 0      0       0       0        0.0%
ABS                  0      0      24       6        0.0%
DATA                 0      0      26       3        0.0%
CODE                 0      0       0       0        0.0%


Microchip Technology PIC18 Macro Assembler V1.20 build 52243 
Symbol Table                                                                                   Mon Sep 30 15:31:44 2013

                          l30 1108                            l33 1116                            l25 10F8  
                          l26 10F4                            l29 110A                            bsr 000FE0  
                __CFG_CP0$OFF 000000                           l677 10D6                           l697 1118  
                         u100 1112                           u127 11F4                           _PR2 000FCB  
                         i2l7 1158                           wreg 000FE8                          _LATA 000F89  
                        _LATB 000F8A                          _LATC 000F8B                          _LATD 000F8C  
                        _LATE 000F8D                          i1l10 107C                          i1l11 1078  
                        i1l12 107C                          _TMR2 000FCC                          _main 10C6  
                        fsr0h 000FEA                          fsr1h 000FE2                          fsr0l 000FE9  
                        fsr2h 000FDA                          fsr1l 000FE1                          fsr2l 000FD9  
                        pclat 000FFA                          prodh 000FF4                          prodl 000FF3  
                        start 10C2                 __CFG_IESO$OFF 000000               __end_of_InitApp 11D8  
               __CFG_PLLDIV$3 000000                         ?_main 0001                         _T2CON 000FCA  
                       i1l663 105C                         i1l665 1064                         i1l667 1070  
                       i1l669 1078                         _TRISA 000F92                         _TRISC 000F94  
                       _TRISD 000F95                         _TRISE 000F96           _ConfigureOscillator 11EC  
              __CFG_FCMEN$OFF 000000                __CFG_CLKOEC$ON 000000                         main@c 0022  
             __end_of_low_isr 10C2                         tablat 000FF5                         status 000FD8  
           __CFG_DSWDTPS$8192 000000          ?_ConfigureOscillator 0001       __CFG_DSWDTOSC$INTOSCREF 000000  
             __initialization 11FE                  __end_of_main 112C                __CFG_OSC$HSPLL 000000  
                      ??_main 0021                 __activetblptr 000000                __CFG_WDTEN$OFF 000000  
                      i1u1_20 1064                        i1u1_21 1062                        i1u2_20 1070  
                      i1u2_21 106E                __CFG_WPCFG$OFF 000000                     ??_InitApp 0020  
       ??_ConfigureOscillator 0020                __CFG_WPDIS$OFF 000000                __CFG_XINST$OFF 000000  
            __end_of_high_isr 1192                __CFG_STVREN$ON 000000                     ??_low_isr 0001  
                      tblptrh 000FF7                        tblptrl 000FF6                        tblptru 000FF8  
        __CFG_LS48MHZ$SYS48X8 000000                    __accesstop 0060       __end_of__initialization 1202  
              __pcstackCOMRAM 0001         __end_of_timer2_deInit 11EC                     ?_high_isr 0001  
                     _InitApp 1192                       __Hparam 0000                       __Lparam 0000  
                     __pcinit 11FE                       __ramtop 0F00                       __ptext0 10C6  
                     __ptext1 1192                       __ptext2 11D8                       __ptext3 11EC  
                   _T2CONbits 000FCA                       _low_isr 1018                    ??_high_isr 0012  
              __pintcode_body 112C          end_of_initialization 1202                       int_func 112C  
                   _PORTDbits 000F83              __CFG_DSBOREN$OFF 000000              __CFG_CPUDIV$OSC1 000000  
           __CFG_SOSCSEL$HIGH 000000   __end_of_ConfigureOscillator 11FE              __CFG_IOL1WAY$OFF 000000  
           __CFG_WPEND$PAGE_0 000000           __CFG_MSSP7B_EN$MSK7 000000              __CFG_DSWDTEN$OFF 000000  
         start_initialization 11FE             __CFG_ADCSEL$BIT10 000000                   __pbssCOMRAM 0023  
           __size_of_high_isr 018A                      ?_InitApp 0001        __size_of_timer2_deInit 0014  
                   __pintcode 1008                   __pintcodelo 1018          __CFG_RTCOSC$T1OSCREF 000000  
                    ?_low_isr 0001                      _IPR1bits 000F9F                      _PIE1bits 000F9D  
                    _PIR1bits 000F9E                      _RCONbits 000FD0              __CFG_WDTPS$32768 000000  
            __CFG_WPFP$PAGE_1 000000             __CFG_CFGPLLEN$OFF 000000                 _timer2_deInit 11D8  
            __size_of_InitApp 0046                      __Hrparam 0000                      __Lrparam 0000  
              ?_timer2_deInit 0001              __size_of_low_isr 00AA                      _high_isr 1008  
               __size_of_main 0066  __size_of_ConfigureOscillator 0012                   _OSCTUNEbits 000F9B  
                  _INTCONbits 000FF2                      intlevel1 0000                      intlevel2 0000  
             ??_timer2_deInit 0020                   _timer_delay 0023  
